# JRE version: OpenJDK Runtime Environment Temurin-21.0.10+7 (21.0.10+7) (build 21.0.10+7-LTS)
# Java VM: OpenJDK 64-Bit Server VM Temurin-21.0.10+7 (21.0.10+7-LTS, mixed mode, sharing, tiered, compressed oops, compressed class ptrs, parallel gc, windows-amd64)
GC Precious Log:
 CardTable entry size: 512
 CPUs: 8 total, 8 available
 Memory: 7930M
 Large Page Support: Disabled
 NUMA Support: Disabled
 Compressed Oops: Enabled (32-bit)
 Alignments: Space 512K, Generation 512K, Heap 2M
 Heap Min Capacity: 100M
 Heap Initial Capacity: 100M
 Heap Max Capacity: 2G
 Pre-touch: Disabled
 Parallel Workers: 8
Heap:
 PSYoungGen      total 19456K, used 5498K [0x00000000d5580000, 0x00000000d7080000, 0x0000000100000000)
  eden space 18944K, 26% used [0x00000000d5580000,0x00000000d5a669d8,0x00000000d6800000)
  from space 512K, 93% used [0x00000000d7000000,0x00000000d7078020,0x00000000d7080000)
  to   space 1024K, 0% used [0x00000000d6e80000,0x00000000d6e80000,0x00000000d6f80000)
 ParOldGen       total 68608K, used 56090K [0x0000000080000000, 0x0000000084300000, 0x00000000d5580000)
  object space 68608K, 81% used [0x0000000080000000,0x00000000836c68c8,0x0000000084300000)
 Metaspace       used 66327K, committed 67904K, reserved 1114112K
  class space    used 7807K, committed 8448K, reserved 1048576K
GC Heap History (20 events):
Event: 93.335 GC heap before
{Heap before GC invocations=40 (full 3):
 PSYoungGen      total 19968K, used 18944K [0x00000000d5580000, 0x00000000d7200000, 0x0000000100000000)
  eden space 18944K, 100% used [0x00000000d5580000,0x00000000d6800000,0x00000000d6800000)
  from space 1024K, 0% used [0x00000000d7100000,0x00000000d7100000,0x00000000d7200000)
  to   space 2560K, 0% used [0x00000000d6d00000,0x00000000d6d00000,0x00000000d6f80000)
 ParOldGen       total 68608K, used 52986K [0x0000000080000000, 0x0000000084300000, 0x00000000d5580000)
  object space 68608K, 77% used [0x0000000080000000,0x00000000833be9a8,0x0000000084300000)
 Metaspace       used 60680K, committed 62080K, reserved 1114112K
  class space    used 7095K, committed 7616K, reserved 1048576K
}
Event: 93.338 GC heap after
{Heap after GC invocations=40 (full 3):
 PSYoungGen      total 21504K, used 640K [0x00000000d5580000, 0x00000000d7180000, 0x0000000100000000)
  eden space 18944K, 0% used [0x00000000d5580000,0x00000000d5580000,0x00000000d6800000)
  from space 2560K, 25% used [0x00000000d6d00000,0x00000000d6da0000,0x00000000d6f80000)
  to   space 1024K, 0% used [0x00000000d7080000,0x00000000d7080000,0x00000000d7180000)
 ParOldGen       total 68608K, used 52994K [0x0000000080000000, 0x0000000084300000, 0x00000000d5580000)
  object space 68608K, 77% used [0x0000000080000000,0x00000000833c09a8,0x0000000084300000)
 Metaspace       used 60680K, committed 62080K, reserved 1114112K
  class space    used 7095K, committed 7616K, reserved 1048576K
}
Event: 94.733 GC heap before
{Heap before GC invocations=41 (full 3):
 PSYoungGen      total 21504K, used 19584K [0x00000000d5580000, 0x00000000d7180000, 0x0000000100000000)
  eden space 18944K, 100% used [0x00000000d5580000,0x00000000d6800000,0x00000000d6800000)
  from space 2560K, 25% used [0x00000000d6d00000,0x00000000d6da0000,0x00000000d6f80000)
  to   space 1024K, 0% used [0x00000000d7080000,0x00000000d7080000,0x00000000d7180000)
 ParOldGen       total 68608K, used 52994K [0x0000000080000000, 0x0000000084300000, 0x00000000d5580000)
  object space 68608K, 77% used [0x0000000080000000,0x00000000833c09a8,0x0000000084300000)
 Metaspace       used 62846K, committed 64256K, reserved 1114112K
  class space    used 7417K, committed 8000K, reserved 1048576K
}
Event: 94.736 GC heap after
{Heap after GC invocations=41 (full 3):
 PSYoungGen      total 19968K, used 576K [0x00000000d5580000, 0x00000000d7180000, 0x0000000100000000)
  eden space 18944K, 0% used [0x00000000d5580000,0x00000000d5580000,0x00000000d6800000)
  from space 1024K, 56% used [0x00000000d7080000,0x00000000d7110000,0x00000000d7180000)
  to   space 1024K, 0% used [0x00000000d6f80000,0x00000000d6f80000,0x00000000d7080000)
 ParOldGen       total 68608K, used 53506K [0x0000000080000000, 0x0000000084300000, 0x00000000d5580000)
  object space 68608K, 77% used [0x0000000080000000,0x00000000834409a8,0x0000000084300000)
 Metaspace       used 62846K, committed 64256K, reserved 1114112K
  class space    used 7417K, committed 8000K, reserved 1048576K
}
Event: 156.911 GC heap before
{Heap before GC invocations=42 (full 3):
 PSYoungGen      total 19968K, used 18988K [0x00000000d5580000, 0x00000000d7180000, 0x0000000100000000)
  eden space 18944K, 97% used [0x00000000d5580000,0x00000000d677b150,0x00000000d6800000)
  from space 1024K, 56% used [0x00000000d7080000,0x00000000d7110000,0x00000000d7180000)
  to   space 1024K, 0% used [0x00000000d6f80000,0x00000000d6f80000,0x00000000d7080000)
 ParOldGen       total 68608K, used 53506K [0x0000000080000000, 0x0000000084300000, 0x00000000d5580000)
  object space 68608K, 77% used [0x0000000080000000,0x00000000834409a8,0x0000000084300000)
 Metaspace       used 63997K, committed 65408K, reserved 1114112K
  class space    used 7566K, committed 8128K, reserved 1048576K
}
Event: 156.914 GC heap after
{Heap after GC invocations=42 (full 3):
 PSYoungGen      total 19968K, used 1010K [0x00000000d5580000, 0x00000000d7100000, 0x0000000100000000)
  eden space 18944K, 0% used [0x00000000d5580000,0x00000000d5580000,0x00000000d6800000)
  from space 1024K, 98% used [0x00000000d6f80000,0x00000000d707c988,0x00000000d7080000)
  to   space 512K, 0% used [0x00000000d7080000,0x00000000d7080000,0x00000000d7100000)
 ParOldGen       total 68608K, used 54506K [0x0000000080000000, 0x0000000084300000, 0x00000000d5580000)
  object space 68608K, 79% used [0x0000000080000000,0x000000008353a8b8,0x0000000084300000)
 Metaspace       used 63997K, committed 65408K, reserved 1114112K
  class space    used 7566K, committed 8128K, reserved 1048576K
}
Event: 158.173 GC heap before
{Heap before GC invocations=43 (full 3):
 PSYoungGen      total 19968K, used 19954K [0x00000000d5580000, 0x00000000d7100000, 0x0000000100000000)
  eden space 18944K, 100% used [0x00000000d5580000,0x00000000d6800000,0x00000000d6800000)
  from space 1024K, 98% used [0x00000000d6f80000,0x00000000d707c988,0x00000000d7080000)
  to   space 512K, 0% used [0x00000000d7080000,0x00000000d7080000,0x00000000d7100000)
 ParOldGen       total 68608K, used 54506K [0x0000000080000000, 0x0000000084300000, 0x00000000d5580000)
  object space 68608K, 79% used [0x0000000080000000,0x000000008353a8b8,0x0000000084300000)
 Metaspace       used 64490K, committed 65920K, reserved 1114112K
  class space    used 7617K, committed 8192K, reserved 1048576K
}
Event: 158.176 GC heap after
{Heap after GC invocations=43 (full 3):
 PSYoungGen      total 19456K, used 512K [0x00000000d5580000, 0x00000000d7100000, 0x0000000100000000)
  eden space 18944K, 0% used [0x00000000d5580000,0x00000000d5580000,0x00000000d6800000)
  from space 512K, 100% used [0x00000000d7080000,0x00000000d7100000,0x00000000d7100000)
  to   space 1536K, 0% used [0x00000000d6e00000,0x00000000d6e00000,0x00000000d6f80000)
 ParOldGen       total 68608K, used 55234K [0x0000000080000000, 0x0000000084300000, 0x00000000d5580000)
  object space 68608K, 80% used [0x0000000080000000,0x00000000835f08c8,0x0000000084300000)
 Metaspace       used 64490K, committed 65920K, reserved 1114112K
  class space    used 7617K, committed 8192K, reserved 1048576K
}
Event: 159.998 GC heap before
{Heap before GC invocations=44 (full 3):
 PSYoungGen      total 19456K, used 19456K [0x00000000d5580000, 0x00000000d7100000, 0x0000000100000000)
  eden space 18944K, 100% used [0x00000000d5580000,0x00000000d6800000,0x00000000d6800000)
  from space 512K, 100% used [0x00000000d7080000,0x00000000d7100000,0x00000000d7100000)
  to   space 1536K, 0% used [0x00000000d6e00000,0x00000000d6e00000,0x00000000d6f80000)
 ParOldGen       total 68608K, used 55234K [0x0000000080000000, 0x0000000084300000, 0x00000000d5580000)
  object space 68608K, 80% used [0x0000000080000000,0x00000000835f08c8,0x0000000084300000)
 Metaspace       used 64495K, committed 65920K, reserved 1114112K
  class space    used 7617K, committed 8192K, reserved 1048576K
}
Event: 160.000 GC heap after
{Heap after GC invocations=44 (full 3):
 PSYoungGen      total 20480K, used 64K [0x00000000d5580000, 0x00000000d7100000, 0x0000000100000000)
  eden space 18944K, 0% used [0x00000000d5580000,0x00000000d5580000,0x00000000d6800000)
  from space 1536K, 4% used [0x00000000d6e00000,0x00000000d6e10000,0x00000000d6f80000)
  to   space 1024K, 0% used [0x00000000d7000000,0x00000000d7000000,0x00000000d7100000)
 ParOldGen       total 68608K, used 55738K [0x0000000080000000, 0x0000000084300000, 0x00000000d5580000)
  object space 68608K, 81% used [0x0000000080000000,0x000000008366e8c8,0x0000000084300000)
 Metaspace       used 64495K, committed 65920K, reserved 1114112K
  class space    used 7617K, committed 8192K, reserved 1048576K
}
Event: 161.323 GC heap before
{Heap before GC invocations=45 (full 3):
 PSYoungGen      total 20480K, used 19008K [0x00000000d5580000, 0x00000000d7100000, 0x0000000100000000)
  eden space 18944K, 100% used [0x00000000d5580000,0x00000000d6800000,0x00000000d6800000)
  from space 1536K, 4% used [0x00000000d6e00000,0x00000000d6e10000,0x00000000d6f80000)
  to   space 1024K, 0% used [0x00000000d7000000,0x00000000d7000000,0x00000000d7100000)
 ParOldGen       total 68608K, used 55738K [0x0000000080000000, 0x0000000084300000, 0x00000000d5580000)
  object space 68608K, 81% used [0x0000000080000000,0x000000008366e8c8,0x0000000084300000)
 Metaspace       used 64495K, committed 65920K, reserved 1114112K
  class space    used 7617K, committed 8192K, reserved 1048576K
}
Event: 161.324 GC heap after
{Heap after GC invocations=45 (full 3):
 PSYoungGen      total 19456K, used 160K [0x00000000d5580000, 0x00000000d7080000, 0x0000000100000000)
  eden space 18944K, 0% used [0x00000000d5580000,0x00000000d5580000,0x00000000d6800000)
  from space 512K, 31% used [0x00000000d7000000,0x00000000d7028000,0x00000000d7080000)
  to   space 512K, 0% used [0x00000000d6f80000,0x00000000d6f80000,0x00000000d7000000)
 ParOldGen       total 68608K, used 55746K [0x0000000080000000, 0x0000000084300000, 0x00000000d5580000)
  object space 68608K, 81% used [0x0000000080000000,0x00000000836708c8,0x0000000084300000)
 Metaspace       used 64495K, committed 65920K, reserved 1114112K
  class space    used 7617K, committed 8192K, reserved 1048576K
}
Event: 162.614 GC heap before
{Heap before GC invocations=46 (full 3):
 PSYoungGen      total 19456K, used 19104K [0x00000000d5580000, 0x00000000d7080000, 0x0000000100000000)
  eden space 18944K, 100% used [0x00000000d5580000,0x00000000d6800000,0x00000000d6800000)
  from space 512K, 31% used [0x00000000d7000000,0x00000000d7028000,0x00000000d7080000)
  to   space 512K, 0% used [0x00000000d6f80000,0x00000000d6f80000,0x00000000d7000000)
 ParOldGen       total 68608K, used 55746K [0x0000000080000000, 0x0000000084300000, 0x00000000d5580000)
  object space 68608K, 81% used [0x0000000080000000,0x00000000836708c8,0x0000000084300000)
 Metaspace       used 64499K, committed 65920K, reserved 1114112K
  class space    used 7618K, committed 8192K, reserved 1048576K
}
Event: 162.615 GC heap after
{Heap after GC invocations=46 (full 3):
 PSYoungGen      total 19456K, used 160K [0x00000000d5580000, 0x00000000d7080000, 0x0000000100000000)
  eden space 18944K, 0% used [0x00000000d5580000,0x00000000d5580000,0x00000000d6800000)
  from space 512K, 31% used [0x00000000d6f80000,0x00000000d6fa8000,0x00000000d7000000)
  to   space 512K, 0% used [0x00000000d7000000,0x00000000d7000000,0x00000000d7080000)
 ParOldGen       total 68608K, used 55746K [0x0000000080000000, 0x0000000084300000, 0x00000000d5580000)
  object space 68608K, 81% used [0x0000000080000000,0x00000000836708c8,0x0000000084300000)
 Metaspace       used 64499K, committed 65920K, reserved 1114112K
  class space    used 7618K, committed 8192K, reserved 1048576K
}
Event: 163.959 GC heap before
{Heap before GC invocations=47 (full 3):
 PSYoungGen      total 19456K, used 19104K [0x00000000d5580000, 0x00000000d7080000, 0x0000000100000000)
  eden space 18944K, 100% used [0x00000000d5580000,0x00000000d6800000,0x00000000d6800000)
  from space 512K, 31% used [0x00000000d6f80000,0x00000000d6fa8000,0x00000000d7000000)
  to   space 512K, 0% used [0x00000000d7000000,0x00000000d7000000,0x00000000d7080000)
 ParOldGen       total 68608K, used 55746K [0x0000000080000000, 0x0000000084300000, 0x00000000d5580000)
  object space 68608K, 81% used [0x0000000080000000,0x00000000836708c8,0x0000000084300000)
 Metaspace       used 64499K, committed 65920K, reserved 1114112K
  class space    used 7618K, committed 8192K, reserved 1048576K
}
Event: 163.960 GC heap after
{Heap after GC invocations=47 (full 3):
 PSYoungGen      total 19456K, used 224K [0x00000000d5580000, 0x00000000d7080000, 0x0000000100000000)
  eden space 18944K, 0% used [0x00000000d5580000,0x00000000d5580000,0x00000000d6800000)
  from space 512K, 43% used [0x00000000d7000000,0x00000000d7038000,0x00000000d7080000)
  to   space 512K, 0% used [0x00000000d6f80000,0x00000000d6f80000,0x00000000d7000000)
 ParOldGen       total 68608K, used 55802K [0x0000000080000000, 0x0000000084300000, 0x00000000d5580000)
  object space 68608K, 81% used [0x0000000080000000,0x000000008367e8c8,0x0000000084300000)
 Metaspace       used 64499K, committed 65920K, reserved 1114112K
  class space    used 7618K, committed 8192K, reserved 1048576K
}
Event: 165.235 GC heap before
{Heap before GC invocations=48 (full 3):
 PSYoungGen      total 19456K, used 19168K [0x00000000d5580000, 0x00000000d7080000, 0x0000000100000000)
  eden space 18944K, 100% used [0x00000000d5580000,0x00000000d6800000,0x00000000d6800000)
  from space 512K, 43% used [0x00000000d7000000,0x00000000d7038000,0x00000000d7080000)
  to   space 512K, 0% used [0x00000000d6f80000,0x00000000d6f80000,0x00000000d7000000)
 ParOldGen       total 68608K, used 55802K [0x0000000080000000, 0x0000000084300000, 0x00000000d5580000)
  object space 68608K, 81% used [0x0000000080000000,0x000000008367e8c8,0x0000000084300000)
 Metaspace       used 64611K, committed 66048K, reserved 1114112K
  class space    used 7631K, committed 8192K, reserved 1048576K
}
Event: 165.238 GC heap after
{Heap after GC invocations=48 (full 3):
 PSYoungGen      total 19456K, used 288K [0x00000000d5580000, 0x00000000d7080000, 0x0000000100000000)
  eden space 18944K, 0% used [0x00000000d5580000,0x00000000d5580000,0x00000000d6800000)
  from space 512K, 56% used [0x00000000d6f80000,0x00000000d6fc8000,0x00000000d7000000)
  to   space 512K, 0% used [0x00000000d7000000,0x00000000d7000000,0x00000000d7080000)
 ParOldGen       total 68608K, used 55842K [0x0000000080000000, 0x0000000084300000, 0x00000000d5580000)
  object space 68608K, 81% used [0x0000000080000000,0x00000000836888c8,0x0000000084300000)
 Metaspace       used 64611K, committed 66048K, reserved 1114112K
  class space    used 7631K, committed 8192K, reserved 1048576K
}
Event: 8652.383 GC heap before
{Heap before GC invocations=49 (full 3):
 PSYoungGen      total 19456K, used 19232K [0x00000000d5580000, 0x00000000d7080000, 0x0000000100000000)
  eden space 18944K, 100% used [0x00000000d5580000,0x00000000d6800000,0x00000000d6800000)
  from space 512K, 56% used [0x00000000d6f80000,0x00000000d6fc8000,0x00000000d7000000)
  to   space 512K, 0% used [0x00000000d7000000,0x00000000d7000000,0x00000000d7080000)
 ParOldGen       total 68608K, used 55842K [0x0000000080000000, 0x0000000084300000, 0x00000000d5580000)
  object space 68608K, 81% used [0x0000000080000000,0x00000000836888c8,0x0000000084300000)
 Metaspace       used 66233K, committed 67776K, reserved 1114112K
  class space    used 7802K, committed 8448K, reserved 1048576K
}
Event: 8652.634 GC heap after
{Heap after GC invocations=49 (full 3):
 PSYoungGen      total 19456K, used 480K [0x00000000d5580000, 0x00000000d7080000, 0x0000000100000000)
  eden space 18944K, 0% used [0x00000000d5580000,0x00000000d5580000,0x00000000d6800000)
  from space 512K, 93% used [0x00000000d7000000,0x00000000d7078020,0x00000000d7080000)
  to   space 1024K, 0% used [0x00000000d6e80000,0x00000000d6e80000,0x00000000d6f80000)
 ParOldGen       total 68608K, used 56090K [0x0000000080000000, 0x0000000084300000, 0x00000000d5580000)
  object space 68608K, 81% used [0x0000000080000000,0x00000000836c68c8,0x0000000084300000)
 Metaspace       used 66233K, committed 67776K, reserved 1114112K
  class space    used 7802K, committed 8448K, reserved 1048576K
}

